2016-07-18 21:56:42 - MilightSwitch received command ON
2016-07-18 21:56:42 - Light_scene received command rot
2016-07-18 21:56:47 - Light_scene_ColorSelect received command 0,100,100
2016-07-18 21:56:47 - Light_scene_ColorSelect received command 0,100,100
2016-07-18 21:56:48 - Light_scene_ColorSelect received command 0,100,100
2016-07-18 21:56:49 - Light_scene_ColorSelect received command 0,100,100
2016-07-18 21:57:28 - MilightSwitch received command OFF
2016-07-18 21:57:29 - MilightSwitch received command ON
2016-07-18 22:00:13 - MilightSwitch received command ON
2016-07-18 22:00:13 - Light_scene received command blau
2016-07-18 22:00:13 - MilightSwitch received command OFF
2016-07-18 22:00:14 - Light_scene_ColorSelect received command 240,100,100
2016-07-18 22:00:15 - Light_scene_ColorSelect received command 240,100,100
2016-07-18 22:00:15 - Light_scene_ColorSelect received command 240,100,100
2016-07-18 22:00:16 - Light_scene_ColorSelect received command 240,100,100
2016-07-18 22:02:26 - MilightSwitch received command ON
2016-07-18 22:02:26 - MilightSwitch received command OFF
2016-07-18 22:02:27 - MilightSwitch received command ON
2016-07-18 22:02:31 - Light_scene received command gruen
2016-07-18 22:02:32 - Light_scene_ColorSelect received command 120,100,100
2016-07-18 22:02:32 - Light_scene_ColorSelect received command 120,100,100
2016-07-18 22:02:33 - Light_scene_ColorSelect received command 120,100,100
2016-07-18 22:02:34 - Light_scene_ColorSelect received command 120,100,100
2016-07-18 22:02:35 - Light_scene received command cyan
2016-07-18 22:02:42 - Light_scene received command blau
2016-07-18 22:02:42 - Light_scene_ColorSelect received command 240,100,100
2016-07-18 22:02:42 - Light_scene_ColorSelect received command 240,100,100
2016-07-18 22:02:43 - Light_scene_ColorSelect received command 240,100,100
2016-07-18 22:02:43 - Light_scene_ColorSelect received command 240,100,100
2016-07-18 22:02:45 - Light_scene received command magenta
2016-07-18 22:02:46 - Light_scene_ColorSelect received command 300,100,100
2016-07-18 22:02:47 - Light_scene_ColorSelect received command 300,100,100
2016-07-18 22:02:48 - Light_scene_ColorSelect received command 300,100,100
2016-07-18 22:02:48 - Light_scene_ColorSelect received command 300,100,100
2016-07-18 22:02:52 - MilightSwitch received command OFF
2016-07-18 22:02:52 - MilightSwitch received command ON
2016-07-18 22:02:53 - MilightSwitch received command OFF
2016-07-18 22:02:54 - MilightSwitch received command ON
2016-07-18 22:09:52 - MilightSwitch received command ON
2016-07-18 22:09:52 - Light_scene received command blau
2016-07-18 22:09:56 - Light_scene_ColorSelect received command 240,100,100
2016-07-18 22:09:57 - Light_scene_ColorSelect received command 240,100,100
2016-07-18 22:09:58 - Light_scene_ColorSelect received command 240,100,100
2016-07-18 22:09:59 - Light_scene_ColorSelect received command 240,100,100
2016-07-18 22:12:01 - MilightSwitch received command ON
2016-07-18 22:12:01 - Light_scene received command lila
2016-07-18 22:15:56 - MilightSwitch received command ON
2016-07-18 22:15:56 - Light_scene received command magenta
2016-07-18 22:15:57 - Light_scene_ColorSelect received command 300,100,100
2016-07-18 22:15:58 - Light_scene_ColorSelect received command 300,100,100
2016-07-18 22:15:59 - Light_scene_ColorSelect received command 300,100,100
2016-07-18 22:16:00 - Light_scene_ColorSelect received command 300,100,100
2016-07-18 22:30:57 - MilightSwitch received command ON
2016-07-18 22:30:57 - Light_scene received command magenta
2016-07-18 22:31:03 - Light_scene_ColorSelect received command 300,100,100
2016-07-18 22:31:04 - Light_scene_ColorSelect received command 300,100,100
2016-07-18 22:31:05 - Light_scene_ColorSelect received command 300,100,100
2016-07-18 22:31:06 - Light_scene_ColorSelect received command 300,100,100
2016-07-18 22:32:39 - MilightSwitch received command ON
2016-07-18 22:32:39 - Light_scene received command rot
2016-07-18 22:32:40 - Light_scene_ColorSelect received command 0,100,100
2016-07-18 22:32:41 - Light_scene_ColorSelect received command 0,100,100
2016-07-18 22:32:42 - Light_scene_ColorSelect received command 0,100,100
2016-07-18 22:32:43 - Light_scene_ColorSelect received command 0,100,100
2016-07-18 22:34:56 - MilightSwitch received command ON
2016-07-18 22:34:56 - Light_scene received command gruen
2016-07-18 22:34:57 - Light_scene_ColorSelect received command 120,100,100
2016-07-18 22:34:58 - Light_scene_ColorSelect received command 120,100,100
2016-07-18 22:34:59 - Light_scene_ColorSelect received command 120,100,100
2016-07-18 22:35:00 - Light_scene_ColorSelect received command 120,100,100
2016-07-18 22:35:56 - MilightSwitch received command ON
2016-07-18 22:35:56 - Light_scene received command gruen
2016-07-18 22:35:56 - Light_scene_ColorSelect received command 120,100,100
2016-07-18 22:35:56 - Light_scene_ColorSelect received command 120,100,100
2016-07-18 22:35:56 - Light_scene_ColorSelect received command 120,100,100
2016-07-18 22:35:57 - Light_scene_ColorSelect received command 120,100,100
2016-07-18 22:36:57 - MilightSwitch received command ON
2016-07-18 22:36:57 - Light_scene received command gruen
2016-07-18 22:36:57 - Light_scene_ColorSelect received command 120,100,100
2016-07-18 22:36:57 - Light_scene_ColorSelect received command 120,100,100
2016-07-18 22:36:57 - Light_scene_ColorSelect received command 120,100,100
2016-07-18 22:36:57 - Light_scene_ColorSelect received command 120,100,100
2016-07-18 22:37:57 - MilightSwitch received command ON
2016-07-18 22:37:57 - Light_scene received command gruen
2016-07-18 22:37:57 - Light_scene_ColorSelect received command 120,100,100
2016-07-18 22:37:57 - Light_scene_ColorSelect received command 120,100,100
2016-07-18 22:37:57 - Light_scene_ColorSelect received command 120,100,100
2016-07-18 22:37:57 - Light_scene_ColorSelect received command 120,100,100
2016-07-18 22:40:56 - MilightSwitch received command ON
2016-07-18 22:40:56 - Light_scene received command gruen
2016-07-18 22:41:02 - Light_scene_ColorSelect received command 120,100,100
2016-07-18 22:41:03 - Light_scene_ColorSelect received command 120,100,100
2016-07-18 22:41:04 - Light_scene_ColorSelect received command 120,100,100
2016-07-18 22:41:05 - Light_scene_ColorSelect received command 120,100,100
2016-07-18 22:42:46 - MilightSwitch received command ON
2016-07-18 22:42:46 - Light_scene received command blau
2016-07-18 22:42:47 - Light_scene_ColorSelect received command 240,100,100
2016-07-18 22:42:48 - Light_scene_ColorSelect received command 240,100,100
2016-07-18 22:42:49 - Light_scene_ColorSelect received command 240,100,100
2016-07-18 22:42:50 - Light_scene_ColorSelect received command 240,100,100
2016-07-18 22:44:00 - MilightSwitch received command OFF
2016-07-18 22:49:53 - MilightSwitch received command ON
2016-07-18 22:49:53 - Light_scene received command rot
2016-07-18 22:49:58 - Light_scene_ColorSelect received command 0,100,100
2016-07-18 22:49:58 - Light_scene_ColorSelect received command 0,100,100
2016-07-18 22:49:59 - Light_scene_ColorSelect received command 0,100,100
2016-07-18 22:50:00 - Light_scene_ColorSelect received command 0,100,100
2016-07-18 22:50:23 - MilightSwitch received command OFF
2016-07-18 22:50:24 - MilightSwitch received command ON
2016-07-18 22:50:24 - MilightSwitch received command OFF
2016-07-18 22:50:25 - MilightSwitch received command ON
2016-07-18 22:50:25 - MilightSwitch received command OFF
2016-07-18 22:50:26 - MilightSwitch received command ON
2016-07-18 22:51:08 - MilightSwitch received command ON
2016-07-18 22:51:08 - Light_scene received command rot
2016-07-18 22:51:08 - Light_scene_ColorSelect received command 0,100,100
2016-07-18 22:51:08 - Light_scene_ColorSelect received command 0,100,100
2016-07-18 22:51:08 - Light_scene_ColorSelect received command 0,100,100
2016-07-18 22:51:09 - Light_scene_ColorSelect received command 0,100,100
2016-07-18 22:51:14 - MilightSwitch received command OFF
2016-07-18 22:51:14 - MilightSwitch received command ON
2016-07-18 22:51:15 - MilightSwitch received command OFF
2016-07-18 22:51:15 - MilightSwitch received command ON
2016-07-18 22:51:16 - MilightSwitch received command OFF
2016-07-18 22:51:16 - MilightSwitch received command ON
2016-07-18 22:53:08 - MilightSwitch received command ON
2016-07-18 22:53:08 - Light_scene received command rot
2016-07-18 22:53:08 - Light_scene_ColorSelect received command 0,100,100
2016-07-18 22:53:08 - Light_scene_ColorSelect received command 0,100,100
2016-07-18 22:53:08 - Light_scene_ColorSelect received command 0,100,100
2016-07-18 22:53:08 - Light_scene_ColorSelect received command 0,100,100
2016-07-18 23:01:41 - MilightSwitch received command ON
2016-07-18 23:01:41 - Light_scene received command blau
2016-07-18 23:01:46 - Light_scene_ColorSelect received command 240,100,100
2016-07-18 23:01:47 - Light_scene_ColorSelect received command 240,100,100
2016-07-18 23:01:48 - Light_scene_ColorSelect received command 240,100,100
2016-07-18 23:01:48 - Light_scene_ColorSelect received command 240,100,100
2016-07-18 23:03:00 - MilightSwitch received command OFF
2016-07-19 09:08:52 - MilightSwitch received command ON
2016-07-19 09:08:52 - MilightSwitch received command OFF
2016-07-19 09:08:54 - MilightSwitch received command ON
2016-07-19 09:08:55 - MilightSwitch received command OFF
2016-07-19 09:09:17 - MilightSwitch received command ON
2016-07-19 09:09:18 - MilightSwitch received command OFF
2016-07-19 09:09:19 - MilightSwitch received command ON
2016-07-19 09:09:20 - MilightSwitch received command OFF
2016-07-19 09:09:20 - MilightSwitch received command ON
2016-07-19 09:09:21 - MilightSwitch received command OFF
2016-07-19 09:09:21 - MilightSwitch received command ON
2016-07-19 09:09:21 - MilightSwitch received command OFF
2016-07-19 09:09:22 - MilightSwitch received command ON
2016-07-19 09:09:24 - MilightSwitch received command OFF
2016-07-19 09:13:26 - Light_scene received command rot
2016-07-19 09:13:30 - Light_scene_ColorSelect received command 0,100,100
2016-07-19 09:13:31 - Light_scene_ColorSelect received command 0,100,100
2016-07-19 09:13:32 - Light_scene_ColorSelect received command 0,100,100
2016-07-19 09:13:33 - Light_scene_ColorSelect received command 0,100,100
2016-07-19 09:18:18 - MilightSwitch received command ON
2016-07-19 09:18:19 - MilightSwitch received command OFF
2016-07-19 09:18:19 - MilightSwitch received command ON
2016-07-19 09:18:23 - Light_scene received command rot
2016-07-19 09:18:29 - Light_scene_ColorSelect received command 0,100,100
2016-07-19 09:18:29 - Light_scene_ColorSelect received command 0,100,100
2016-07-19 09:18:30 - Light_scene_ColorSelect received command 0,100,100
2016-07-19 09:18:31 - Light_scene_ColorSelect received command 0,100,100
2016-07-19 09:18:35 - MilightSwitch received command OFF
2016-07-19 09:18:36 - MilightSwitch received command ON
2016-07-19 09:18:36 - MilightSwitch received command OFF
2016-07-19 09:18:37 - MilightSwitch received command ON
2016-07-19 09:18:37 - MilightSwitch received command OFF
2016-07-19 09:18:38 - MilightSwitch received command ON
2016-07-19 09:19:13 - Light_scene received command rot
2016-07-19 09:19:13 - Light_scene_ColorSelect received command 0,100,100
2016-07-19 09:19:13 - Light_scene_ColorSelect received command 0,100,100
2016-07-19 09:19:13 - Light_scene_ColorSelect received command 0,100,100
2016-07-19 09:19:14 - Light_scene_ColorSelect received command 0,100,100
2016-07-19 09:19:23 - MilightSwitch received command OFF
2016-07-19 09:19:23 - MilightSwitch received command ON
2016-07-19 09:19:24 - MilightSwitch received command OFF
2016-07-19 09:19:24 - MilightSwitch received command ON
2016-07-19 09:19:25 - MilightSwitch received command OFF
2016-07-19 09:19:25 - MilightSwitch received command ON
2016-07-19 09:19:25 - MilightSwitch received command OFF
2016-07-19 09:20:17 - Light_scene received command rot
2016-07-19 09:20:17 - Light_scene_ColorSelect received command 0,100,100
2016-07-19 09:20:17 - Light_scene_ColorSelect received command 0,100,100
2016-07-19 09:20:17 - Light_scene_ColorSelect received command 0,100,100
2016-07-19 09:20:17 - Light_scene_ColorSelect received command 0,100,100
2016-07-19 09:20:26 - MilightSwitch received command OFF
2016-07-19 09:20:27 - MilightSwitch received command ON
2016-07-19 09:20:27 - MilightSwitch received command OFF
2016-07-19 09:20:28 - MilightSwitch received command ON
2016-07-19 09:20:28 - MilightSwitch received command OFF
2016-07-19 09:20:29 - MilightSwitch received command ON
2016-07-19 09:20:30 - MilightSwitch received command OFF
2016-07-19 09:20:41 - Light_scene received command rot
2016-07-19 09:20:41 - Light_scene_ColorSelect received command 0,100,100
2016-07-19 09:20:42 - Light_scene_ColorSelect received command 0,100,100
2016-07-19 09:20:42 - Light_scene_ColorSelect received command 0,100,100
2016-07-19 09:20:42 - Light_scene_ColorSelect received command 0,100,100
2016-07-19 09:20:46 - MilightSwitch received command OFF
2016-07-19 09:20:47 - MilightSwitch received command ON
2016-07-19 09:20:47 - MilightSwitch received command OFF
2016-07-19 09:20:48 - MilightSwitch received command ON
2016-07-19 09:20:48 - MilightSwitch received command OFF
2016-07-19 09:20:49 - MilightSwitch received command ON
2016-07-19 09:20:50 - MilightSwitch received command OFF
2016-07-19 09:23:35 - MilightSwitch received command ON
2016-07-19 09:23:36 - MilightSwitch received command OFF
2016-07-19 09:23:37 - MilightSwitch received command ON
2016-07-19 09:27:49 - MilightSwitch received command ON
2016-07-19 09:27:49 - Light_scene received command rot
2016-07-19 09:27:49 - Light_scene_ColorSelect received command 0,100,100
2016-07-19 09:27:49 - Light_scene_ColorSelect received command 0,100,100
2016-07-19 09:27:49 - Light_scene_ColorSelect received command 0,100,100
2016-07-19 09:27:49 - Light_scene_ColorSelect received command 0,100,100
2016-07-19 09:28:39 - MilightSwitch received command OFF
2016-07-19 09:28:39 - MilightSwitch received command ON
2016-07-19 09:28:40 - MilightSwitch received command OFF
2016-07-19 09:28:40 - MilightSwitch received command ON
2016-07-19 09:28:41 - MilightSwitch received command OFF
2016-07-19 09:28:41 - MilightSwitch received command ON
2016-07-19 09:28:42 - MilightSwitch received command OFF
2016-07-19 09:30:10 - MilightSwitch received command ON
2016-07-19 09:33:23 - MilightSwitch received command OFF
2016-07-19 09:33:23 - MilightSwitch received command ON
2016-07-19 09:37:00 - MilightSwitch received command OFF
2016-07-19 09:51:24 - MilightSwitch received command ON
2016-07-19 10:00:38 - MilightSwitch received command ON
2016-07-19 10:00:39 - MilightSwitch received command OFF
2016-07-19 10:00:40 - MilightSwitch received command ON
2016-07-19 10:00:40 - MilightSwitch received command OFF
2016-07-19 10:07:38 - MilightSwitch received command ON
2016-07-19 10:07:39 - MilightSwitch received command OFF
2016-07-19 10:07:40 - MilightSwitch received command ON
2016-07-19 10:07:41 - MilightSwitch received command OFF
2016-07-19 10:08:00 - MilightSwitch received command ON
2016-07-19 10:08:00 - Light_scene received command blau
2016-07-19 10:08:05 - Light_scene_ColorSelect received command 240,100,100
2016-07-19 10:08:05 - Light_scene_ColorSelect received command 240,100,100
2016-07-19 10:08:06 - Light_scene_ColorSelect received command 240,100,100
2016-07-19 10:08:07 - Light_scene_ColorSelect received command 240,100,100
2016-07-19 10:10:59 - Light_scene received command rot
2016-07-19 10:11:00 - Light_scene_ColorSelect received command 0,100,100
2016-07-19 10:11:01 - Light_scene_ColorSelect received command 0,100,100
2016-07-19 10:11:02 - Light_scene_ColorSelect received command 0,100,100
2016-07-19 10:11:03 - Light_scene_ColorSelect received command 0,100,100
2016-07-19 10:11:47 - MilightSwitch received command OFF
2016-07-19 10:11:47 - MilightSwitch received command OFF
2016-07-19 10:11:47 - MilightSwitch received command ON
2016-07-19 10:11:48 - MilightSwitch received command ON
2016-07-19 10:11:48 - MilightSwitch received command OFF
2016-07-19 10:11:48 - MilightSwitch received command OFF
2016-07-19 10:11:48 - MilightSwitch received command ON
2016-07-19 10:11:49 - MilightSwitch received command ON
2016-07-19 10:11:49 - MilightSwitch received command OFF
2016-07-19 10:11:49 - MilightSwitch received command OFF
2016-07-19 10:11:49 - MilightSwitch received command ON
2016-07-19 10:11:50 - MilightSwitch received command ON
2016-07-19 10:11:50 - MilightSwitch received command OFF
2016-07-19 10:11:50 - MilightSwitch received command OFF
2016-07-19 10:12:24 - MilightSwitch received command ON
2016-07-19 10:12:25 - MilightSwitch received command OFF
2016-07-19 10:12:26 - MilightSwitch received command ON
2016-07-19 10:12:26 - MilightSwitch received command OFF
2016-07-19 10:12:27 - MilightSwitch received command ON
2016-07-19 10:12:28 - MilightSwitch received command OFF
2016-07-19 10:12:29 - MilightSwitch received command ON
2016-07-19 10:12:29 - MilightSwitch received command OFF
2016-07-19 10:12:30 - MilightSwitch received command ON
2016-07-19 10:12:32 - MilightSwitch received command OFF
2016-07-19 10:12:32 - MilightSwitch received command ON
2016-07-19 10:12:33 - MilightSwitch received command OFF
2016-07-19 10:12:48 - MilightSwitch received command ON
2016-07-19 10:18:00 - MilightSwitch received command OFF
2016-07-19 10:18:00 - MilightSwitch received command ON
2016-07-19 10:18:00 - Light_scene received command rot
2016-07-19 10:18:00 - Light_scene_ColorSelect received command 0,100,100
2016-07-19 10:18:00 - Light_scene_ColorSelect received command 0,100,100
2016-07-19 10:18:00 - Light_scene_ColorSelect received command 0,100,100
2016-07-19 10:18:00 - Light_scene_ColorSelect received command 0,100,100
2016-07-19 10:18:22 - MilightSwitch received command OFF
2016-07-19 10:18:23 - MilightSwitch received command ON
2016-07-19 10:18:23 - MilightSwitch received command OFF
2016-07-19 10:18:24 - MilightSwitch received command ON
2016-07-19 10:18:24 - MilightSwitch received command OFF
2016-07-19 10:18:25 - MilightSwitch received command ON
2016-07-19 10:18:26 - MilightSwitch received command OFF
2016-07-19 10:28:00 - MilightSwitch received command OFF
2016-07-19 10:58:00 - MilightSwitch received command ON
2016-07-19 10:58:00 - Light_scene received command magenta
2016-07-19 10:58:04 - Light_scene_ColorSelect received command 300,100,100
2016-07-19 10:58:05 - Light_scene_ColorSelect received command 300,100,100
2016-07-19 10:58:06 - Light_scene_ColorSelect received command 300,100,100
2016-07-19 10:58:07 - Light_scene_ColorSelect received command 300,100,100
2016-07-19 10:58:18 - MilightSwitch received command ON
2016-07-19 10:58:18 - Light_scene received command magenta
2016-07-19 10:58:18 - Light_scene_ColorSelect received command 300,100,100
2016-07-19 10:58:18 - Light_scene_ColorSelect received command 300,100,100
2016-07-19 10:58:19 - Light_scene_ColorSelect received command 300,100,100
2016-07-19 10:58:19 - Light_scene_ColorSelect received command 300,100,100
2016-07-19 11:00:12 - MilightSwitch received command ON
2016-07-19 11:00:12 - Light_scene received command magenta
2016-07-19 11:00:12 - Light_scene_ColorSelect received command 300,100,100
2016-07-19 11:00:12 - Light_scene_ColorSelect received command 300,100,100
2016-07-19 11:00:12 - Light_scene_ColorSelect received command 300,100,100
2016-07-19 11:00:12 - Light_scene_ColorSelect received command 300,100,100
2016-07-19 11:02:10 - MilightSwitch received command ON
2016-07-19 11:02:10 - Light_scene received command magenta
2016-07-19 11:02:10 - Light_scene_ColorSelect received command 300,100,100
2016-07-19 11:02:11 - Light_scene_ColorSelect received command 300,100,100
2016-07-19 11:02:11 - Light_scene_ColorSelect received command 300,100,100
2016-07-19 11:02:11 - Light_scene_ColorSelect received command 300,100,100
2016-07-19 11:04:10 - MilightSwitch received command ON
2016-07-19 11:04:10 - Light_scene received command magenta
2016-07-19 11:04:10 - Light_scene_ColorSelect received command 300,100,100
2016-07-19 11:04:11 - Light_scene_ColorSelect received command 300,100,100
2016-07-19 11:04:11 - Light_scene_ColorSelect received command 300,100,100
2016-07-19 11:04:11 - Light_scene_ColorSelect received command 300,100,100
2016-07-19 12:08:03 - MilightSwitch received command ON
2016-07-19 12:08:04 - MilightSwitch received command OFF
2016-07-19 12:08:05 - MilightSwitch received command ON
2016-07-19 12:08:06 - MilightSwitch received command OFF
2016-07-19 12:08:11 - MilightSwitch received command ON
2016-07-19 12:08:11 - MilightSwitch received command OFF
2016-07-19 12:08:12 - MilightSwitch received command ON
2016-07-19 12:08:13 - MilightSwitch received command OFF
2016-07-19 12:08:14 - MilightSwitch received command ON
2016-07-19 12:08:27 - MilightSwitch received command OFF
2016-07-19 12:08:29 - MilightSwitch received command ON
2016-07-19 12:08:32 - Light_scene received command rot
2016-07-19 12:08:37 - Light_scene_ColorSelect received command 0,100,100
2016-07-19 12:08:38 - Light_scene_ColorSelect received command 0,100,100
2016-07-19 12:08:39 - Light_scene_ColorSelect received command 0,100,100
2016-07-19 12:08:40 - Light_scene_ColorSelect received command 0,100,100
2016-07-19 12:08:44 - MilightSwitch received command OFF
2016-07-19 12:08:44 - MilightSwitch received command ON
2016-07-19 12:08:45 - MilightSwitch received command OFF
2016-07-19 12:08:45 - MilightSwitch received command ON
2016-07-19 12:08:46 - MilightSwitch received command OFF
2016-07-19 12:08:46 - MilightSwitch received command ON
2016-07-19 12:08:47 - MilightSwitch received command OFF
2016-07-19 12:10:17 - MilightSwitch received command ON
2016-07-19 12:10:17 - MilightSwitch received command OFF
2016-07-19 12:10:18 - MilightSwitch received command ON
2016-07-19 12:10:19 - MilightSwitch received command OFF
2016-07-19 12:20:45 - MilightSwitch received command ON
2016-07-19 12:20:45 - Light_scene received command rot
2016-07-19 12:20:46 - Light_scene_ColorSelect received command 0,100,100
2016-07-19 12:20:46 - Light_scene_ColorSelect received command 0,100,100
2016-07-19 12:20:46 - Light_scene_ColorSelect received command 0,100,100
2016-07-19 12:20:46 - Light_scene_ColorSelect received command 0,100,100
2016-07-19 12:21:09 - MilightSwitch received command OFF
2016-07-19 12:21:09 - MilightSwitch received command ON
2016-07-19 12:21:10 - MilightSwitch received command OFF
2016-07-19 12:21:10 - MilightSwitch received command ON
2016-07-19 12:21:11 - MilightSwitch received command OFF
2016-07-19 12:21:11 - MilightSwitch received command ON
2016-07-19 12:21:12 - MilightSwitch received command OFF
2016-07-19 12:22:45 - MilightSwitch received command ON
2016-07-19 12:22:45 - Light_scene received command rot
2016-07-19 12:22:45 - Light_scene_ColorSelect received command 0,100,100
2016-07-19 12:22:45 - Light_scene_ColorSelect received command 0,100,100
2016-07-19 12:22:45 - Light_scene_ColorSelect received command 0,100,100
2016-07-19 12:22:45 - Light_scene_ColorSelect received command 0,100,100
2016-07-19 12:23:01 - MilightSwitch received command OFF
2016-07-19 12:23:01 - MilightSwitch received command ON
2016-07-19 12:23:02 - MilightSwitch received command OFF
2016-07-19 12:23:02 - MilightSwitch received command ON
2016-07-19 12:23:03 - MilightSwitch received command OFF
2016-07-19 12:23:03 - MilightSwitch received command ON
2016-07-19 12:23:04 - MilightSwitch received command OFF
2016-07-19 12:24:49 - MilightSwitch received command ON
2016-07-19 12:24:49 - Light_scene received command rot
2016-07-19 12:24:49 - Light_scene_ColorSelect received command 0,100,100
2016-07-19 12:24:49 - Light_scene_ColorSelect received command 0,100,100
2016-07-19 12:24:49 - Light_scene_ColorSelect received command 0,100,100
2016-07-19 12:24:49 - Light_scene_ColorSelect received command 0,100,100
2016-07-19 12:26:46 - MilightSwitch received command ON
2016-07-19 12:26:46 - Light_scene received command rot
2016-07-19 12:26:46 - Light_scene_ColorSelect received command 0,100,100
2016-07-19 12:26:46 - Light_scene_ColorSelect received command 0,100,100
2016-07-19 12:26:46 - Light_scene_ColorSelect received command 0,100,100
2016-07-19 12:26:47 - Light_scene_ColorSelect received command 0,100,100
2016-07-19 12:28:49 - MilightSwitch received command ON
2016-07-19 12:28:49 - Light_scene received command rot
2016-07-19 12:28:49 - Light_scene_ColorSelect received command 0,100,100
2016-07-19 12:28:49 - Light_scene_ColorSelect received command 0,100,100
2016-07-19 12:28:49 - Light_scene_ColorSelect received command 0,100,100
2016-07-19 12:28:50 - Light_scene_ColorSelect received command 0,100,100
2016-07-19 12:29:00 - MilightSwitch received command OFF
